{"numTotalTestSuites":26,"numPassedTestSuites":2,"numFailedTestSuites":24,"numPendingTestSuites":0,"numTotalTests":45,"numPassedTests":4,"numFailedTests":41,"numPendingTests":0,"numTodoTests":0,"snapshot":{"added":0,"failure":false,"filesAdded":0,"filesRemoved":0,"filesRemovedList":[],"filesUnmatched":0,"filesUpdated":0,"matched":0,"total":0,"unchecked":0,"uncheckedKeysByFile":[],"unmatched":0,"updated":0,"didUpdate":false},"startTime":1737625570123,"success":false,"testResults":[{"assertionResults":[{"ancestorTitles":["翻译文件完整性测试","基本结构测试"],"fullName":"翻译文件完整性测试 基本结构测试 所有语言版本应该存在","status":"passed","title":"所有语言版本应该存在","duration":1.1445839405059814,"failureMessages":[],"meta":{}},{"ancestorTitles":["翻译文件完整性测试","基本结构测试"],"fullName":"翻译文件完整性测试 基本结构测试 所有语言版本应该包含相同的单位类型","status":"passed","title":"所有语言版本应该包含相同的单位类型","duration":0.8862079381942749,"failureMessages":[],"meta":{}},{"ancestorTitles":["翻译文件完整性测试","单位类型完整性测试","length 单位测试"],"fullName":"翻译文件完整性测试 单位类型完整性测试 length 单位测试 每种语言都应该有完整的单位定义","status":"passed","title":"每种语言都应该有完整的单位定义","duration":0.5160830020904541,"failureMessages":[],"meta":{}},{"ancestorTitles":["翻译文件完整性测试","单位类型完整性测试","length 单位测试"],"fullName":"翻译文件完整性测试 单位类型完整性测试 length 单位测试 每种语言都应该有必要的字段","status":"failed","title":"每种语言都应该有必要的字段","duration":3.847583055496216,"failureMessages":["AssertionError: expected false to be truthy\n    at /Users/sagasu/Desktop/Unit-Converter-2/src/lib/i18n/__tests__/translations.test.ts:46:59\n    at Array.forEach (<anonymous>)\n    at /Users/sagasu/Desktop/Unit-Converter-2/src/lib/i18n/__tests__/translations.test.ts:40:19\n    at file:///Users/sagasu/Desktop/Unit-Converter-2/node_modules/@vitest/runner/dist/index.js:179:14\n    at file:///Users/sagasu/Desktop/Unit-Converter-2/node_modules/@vitest/runner/dist/index.js:566:28\n    at file:///Users/sagasu/Desktop/Unit-Converter-2/node_modules/@vitest/runner/dist/index.js:57:24\n    at new Promise (<anonymous>)\n    at runWithTimeout (file:///Users/sagasu/Desktop/Unit-Converter-2/node_modules/@vitest/runner/dist/index.js:41:12)\n    at runTest (file:///Users/sagasu/Desktop/Unit-Converter-2/node_modules/@vitest/runner/dist/index.js:1145:17)\n    at processTicksAndRejections (node:internal/process/task_queues:95:5)"],"meta":{}},{"ancestorTitles":["翻译文件完整性测试","单位类型完整性测试","area 单位测试"],"fullName":"翻译文件完整性测试 单位类型完整性测试 area 单位测试 每种语言都应该有完整的单位定义","status":"failed","title":"每种语言都应该有完整的单位定义","duration":1.6767909526824951,"failureMessages":["AssertionError: expected [ 'acre', 'hectare', …(9) ] to deeply equal [ 'acre', 'hectare', …(8) ]\n    at /Users/sagasu/Desktop/Unit-Converter-2/src/lib/i18n/__tests__/translations.test.ts:35:40\n    at Array.forEach (<anonymous>)\n    at /Users/sagasu/Desktop/Unit-Converter-2/src/lib/i18n/__tests__/translations.test.ts:32:19\n    at file:///Users/sagasu/Desktop/Unit-Converter-2/node_modules/@vitest/runner/dist/index.js:179:14\n    at file:///Users/sagasu/Desktop/Unit-Converter-2/node_modules/@vitest/runner/dist/index.js:566:28\n    at file:///Users/sagasu/Desktop/Unit-Converter-2/node_modules/@vitest/runner/dist/index.js:57:24\n    at new Promise (<anonymous>)\n    at runWithTimeout (file:///Users/sagasu/Desktop/Unit-Converter-2/node_modules/@vitest/runner/dist/index.js:41:12)\n    at runTest (file:///Users/sagasu/Desktop/Unit-Converter-2/node_modules/@vitest/runner/dist/index.js:1145:17)\n    at processTicksAndRejections (node:internal/process/task_queues:95:5)"],"meta":{}},{"ancestorTitles":["翻译文件完整性测试","单位类型完整性测试","area 单位测试"],"fullName":"翻译文件完整性测试 单位类型完整性测试 area 单位测试 每种语言都应该有必要的字段","status":"failed","title":"每种语言都应该有必要的字段","duration":0.29020798206329346,"failureMessages":["AssertionError: expected undefined to be defined\n    at /Users/sagasu/Desktop/Unit-Converter-2/src/lib/i18n/__tests__/translations.test.ts:45:44\n    at Array.forEach (<anonymous>)\n    at /Users/sagasu/Desktop/Unit-Converter-2/src/lib/i18n/__tests__/translations.test.ts:40:19\n    at file:///Users/sagasu/Desktop/Unit-Converter-2/node_modules/@vitest/runner/dist/index.js:179:14\n    at file:///Users/sagasu/Desktop/Unit-Converter-2/node_modules/@vitest/runner/dist/index.js:566:28\n    at file:///Users/sagasu/Desktop/Unit-Converter-2/node_modules/@vitest/runner/dist/index.js:57:24\n    at new Promise (<anonymous>)\n    at runWithTimeout (file:///Users/sagasu/Desktop/Unit-Converter-2/node_modules/@vitest/runner/dist/index.js:41:12)\n    at runTest (file:///Users/sagasu/Desktop/Unit-Converter-2/node_modules/@vitest/runner/dist/index.js:1145:17)\n    at processTicksAndRejections (node:internal/process/task_queues:95:5)"],"meta":{}},{"ancestorTitles":["翻译文件完整性测试","单位类型完整性测试","volume 单位测试"],"fullName":"翻译文件完整性测试 单位类型完整性测试 volume 单位测试 每种语言都应该有完整的单位定义","status":"failed","title":"每种语言都应该有完整的单位定义","duration":1.2005829811096191,"failureMessages":["AssertionError: expected [ 'cubic_centimeter', …(16) ] to deeply equal [ 'cubic_centimeter', …(15) ]\n    at /Users/sagasu/Desktop/Unit-Converter-2/src/lib/i18n/__tests__/translations.test.ts:35:40\n    at Array.forEach (<anonymous>)\n    at /Users/sagasu/Desktop/Unit-Converter-2/src/lib/i18n/__tests__/translations.test.ts:32:19\n    at file:///Users/sagasu/Desktop/Unit-Converter-2/node_modules/@vitest/runner/dist/index.js:179:14\n    at file:///Users/sagasu/Desktop/Unit-Converter-2/node_modules/@vitest/runner/dist/index.js:566:28\n    at file:///Users/sagasu/Desktop/Unit-Converter-2/node_modules/@vitest/runner/dist/index.js:57:24\n    at new Promise (<anonymous>)\n    at runWithTimeout (file:///Users/sagasu/Desktop/Unit-Converter-2/node_modules/@vitest/runner/dist/index.js:41:12)\n    at runTest (file:///Users/sagasu/Desktop/Unit-Converter-2/node_modules/@vitest/runner/dist/index.js:1145:17)\n    at processTicksAndRejections (node:internal/process/task_queues:95:5)"],"meta":{}},{"ancestorTitles":["翻译文件完整性测试","单位类型完整性测试","volume 单位测试"],"fullName":"翻译文件完整性测试 单位类型完整性测试 volume 单位测试 每种语言都应该有必要的字段","status":"failed","title":"每种语言都应该有必要的字段","duration":0.2688330411911011,"failureMessages":["AssertionError: expected undefined to be defined\n    at /Users/sagasu/Desktop/Unit-Converter-2/src/lib/i18n/__tests__/translations.test.ts:45:44\n    at Array.forEach (<anonymous>)\n    at /Users/sagasu/Desktop/Unit-Converter-2/src/lib/i18n/__tests__/translations.test.ts:40:19\n    at file:///Users/sagasu/Desktop/Unit-Converter-2/node_modules/@vitest/runner/dist/index.js:179:14\n    at file:///Users/sagasu/Desktop/Unit-Converter-2/node_modules/@vitest/runner/dist/index.js:566:28\n    at file:///Users/sagasu/Desktop/Unit-Converter-2/node_modules/@vitest/runner/dist/index.js:57:24\n    at new Promise (<anonymous>)\n    at runWithTimeout (file:///Users/sagasu/Desktop/Unit-Converter-2/node_modules/@vitest/runner/dist/index.js:41:12)\n    at runTest (file:///Users/sagasu/Desktop/Unit-Converter-2/node_modules/@vitest/runner/dist/index.js:1145:17)\n    at processTicksAndRejections (node:internal/process/task_queues:95:5)"],"meta":{}},{"ancestorTitles":["翻译文件完整性测试","单位类型完整性测试","weight 单位测试"],"fullName":"翻译文件完整性测试 单位类型完整性测试 weight 单位测试 每种语言都应该有完整的单位定义","status":"failed","title":"每种语言都应该有完整的单位定义","duration":0.6967079639434814,"failureMessages":["AssertionError: expected [ 'carat', 'gram', …(9) ] to deeply equal [ 'atomic_mass_unit', 'carat', …(6) ]\n    at /Users/sagasu/Desktop/Unit-Converter-2/src/lib/i18n/__tests__/translations.test.ts:35:40\n    at Array.forEach (<anonymous>)\n    at /Users/sagasu/Desktop/Unit-Converter-2/src/lib/i18n/__tests__/translations.test.ts:32:19\n    at file:///Users/sagasu/Desktop/Unit-Converter-2/node_modules/@vitest/runner/dist/index.js:179:14\n    at file:///Users/sagasu/Desktop/Unit-Converter-2/node_modules/@vitest/runner/dist/index.js:566:28\n    at file:///Users/sagasu/Desktop/Unit-Converter-2/node_modules/@vitest/runner/dist/index.js:57:24\n    at new Promise (<anonymous>)\n    at runWithTimeout (file:///Users/sagasu/Desktop/Unit-Converter-2/node_modules/@vitest/runner/dist/index.js:41:12)\n    at runTest (file:///Users/sagasu/Desktop/Unit-Converter-2/node_modules/@vitest/runner/dist/index.js:1145:17)\n    at processTicksAndRejections (node:internal/process/task_queues:95:5)"],"meta":{}},{"ancestorTitles":["翻译文件完整性测试","单位类型完整性测试","weight 单位测试"],"fullName":"翻译文件完整性测试 单位类型完整性测试 weight 单位测试 每种语言都应该有必要的字段","status":"failed","title":"每种语言都应该有必要的字段","duration":0.20804190635681152,"failureMessages":["AssertionError: expected undefined to be defined\n    at /Users/sagasu/Desktop/Unit-Converter-2/src/lib/i18n/__tests__/translations.test.ts:45:44\n    at Array.forEach (<anonymous>)\n    at /Users/sagasu/Desktop/Unit-Converter-2/src/lib/i18n/__tests__/translations.test.ts:40:19\n    at file:///Users/sagasu/Desktop/Unit-Converter-2/node_modules/@vitest/runner/dist/index.js:179:14\n    at file:///Users/sagasu/Desktop/Unit-Converter-2/node_modules/@vitest/runner/dist/index.js:566:28\n    at file:///Users/sagasu/Desktop/Unit-Converter-2/node_modules/@vitest/runner/dist/index.js:57:24\n    at new Promise (<anonymous>)\n    at runWithTimeout (file:///Users/sagasu/Desktop/Unit-Converter-2/node_modules/@vitest/runner/dist/index.js:41:12)\n    at runTest (file:///Users/sagasu/Desktop/Unit-Converter-2/node_modules/@vitest/runner/dist/index.js:1145:17)\n    at processTicksAndRejections (node:internal/process/task_queues:95:5)"],"meta":{}},{"ancestorTitles":["翻译文件完整性测试","单位类型完整性测试","time 单位测试"],"fullName":"翻译文件完整性测试 单位类型完整性测试 time 单位测试 每种语言都应该有完整的单位定义","status":"failed","title":"每种语言都应该有完整的单位定义","duration":0.5120829343795776,"failureMessages":["AssertionError: expected [ 'day', 'hour', 'microsecond', …(6) ] to deeply equal [ 'century', 'day', 'decade', …(9) ]\n    at /Users/sagasu/Desktop/Unit-Converter-2/src/lib/i18n/__tests__/translations.test.ts:35:40\n    at Array.forEach (<anonymous>)\n    at /Users/sagasu/Desktop/Unit-Converter-2/src/lib/i18n/__tests__/translations.test.ts:32:19\n    at file:///Users/sagasu/Desktop/Unit-Converter-2/node_modules/@vitest/runner/dist/index.js:179:14\n    at file:///Users/sagasu/Desktop/Unit-Converter-2/node_modules/@vitest/runner/dist/index.js:566:28\n    at file:///Users/sagasu/Desktop/Unit-Converter-2/node_modules/@vitest/runner/dist/index.js:57:24\n    at new Promise (<anonymous>)\n    at runWithTimeout (file:///Users/sagasu/Desktop/Unit-Converter-2/node_modules/@vitest/runner/dist/index.js:41:12)\n    at runTest (file:///Users/sagasu/Desktop/Unit-Converter-2/node_modules/@vitest/runner/dist/index.js:1145:17)\n    at processTicksAndRejections (node:internal/process/task_queues:95:5)"],"meta":{}},{"ancestorTitles":["翻译文件完整性测试","单位类型完整性测试","time 单位测试"],"fullName":"翻译文件完整性测试 单位类型完整性测试 time 单位测试 每种语言都应该有必要的字段","status":"failed","title":"每种语言都应该有必要的字段","duration":0.3964580297470093,"failureMessages":["AssertionError: expected undefined to be defined\n    at /Users/sagasu/Desktop/Unit-Converter-2/src/lib/i18n/__tests__/translations.test.ts:45:44\n    at Array.forEach (<anonymous>)\n    at /Users/sagasu/Desktop/Unit-Converter-2/src/lib/i18n/__tests__/translations.test.ts:40:19\n    at file:///Users/sagasu/Desktop/Unit-Converter-2/node_modules/@vitest/runner/dist/index.js:179:14\n    at file:///Users/sagasu/Desktop/Unit-Converter-2/node_modules/@vitest/runner/dist/index.js:566:28\n    at file:///Users/sagasu/Desktop/Unit-Converter-2/node_modules/@vitest/runner/dist/index.js:57:24\n    at new Promise (<anonymous>)\n    at runWithTimeout (file:///Users/sagasu/Desktop/Unit-Converter-2/node_modules/@vitest/runner/dist/index.js:41:12)\n    at runTest (file:///Users/sagasu/Desktop/Unit-Converter-2/node_modules/@vitest/runner/dist/index.js:1145:17)\n    at processTicksAndRejections (node:internal/process/task_queues:95:5)"],"meta":{}},{"ancestorTitles":["翻译文件完整性测试","单位类型完整性测试","temperature 单位测试"],"fullName":"翻译文件完整性测试 单位类型完整性测试 temperature 单位测试 每种语言都应该有完整的单位定义","status":"failed","title":"每种语言都应该有完整的单位定义","duration":0.42033398151397705,"failureMessages":["AssertionError: expected [ 'celsius', 'fahrenheit', 'kelvin' ] to deeply equal [ 'celsius', 'fahrenheit', …(3) ]\n    at /Users/sagasu/Desktop/Unit-Converter-2/src/lib/i18n/__tests__/translations.test.ts:35:40\n    at Array.forEach (<anonymous>)\n    at /Users/sagasu/Desktop/Unit-Converter-2/src/lib/i18n/__tests__/translations.test.ts:32:19\n    at file:///Users/sagasu/Desktop/Unit-Converter-2/node_modules/@vitest/runner/dist/index.js:179:14\n    at file:///Users/sagasu/Desktop/Unit-Converter-2/node_modules/@vitest/runner/dist/index.js:566:28\n    at file:///Users/sagasu/Desktop/Unit-Converter-2/node_modules/@vitest/runner/dist/index.js:57:24\n    at new Promise (<anonymous>)\n    at runWithTimeout (file:///Users/sagasu/Desktop/Unit-Converter-2/node_modules/@vitest/runner/dist/index.js:41:12)\n    at runTest (file:///Users/sagasu/Desktop/Unit-Converter-2/node_modules/@vitest/runner/dist/index.js:1145:17)\n    at processTicksAndRejections (node:internal/process/task_queues:95:5)"],"meta":{}},{"ancestorTitles":["翻译文件完整性测试","单位类型完整性测试","temperature 单位测试"],"fullName":"翻译文件完整性测试 单位类型完整性测试 temperature 单位测试 每种语言都应该有必要的字段","status":"failed","title":"每种语言都应该有必要的字段","duration":0.36125004291534424,"failureMessages":["AssertionError: expected undefined to be defined\n    at /Users/sagasu/Desktop/Unit-Converter-2/src/lib/i18n/__tests__/translations.test.ts:45:44\n    at Array.forEach (<anonymous>)\n    at /Users/sagasu/Desktop/Unit-Converter-2/src/lib/i18n/__tests__/translations.test.ts:40:19\n    at file:///Users/sagasu/Desktop/Unit-Converter-2/node_modules/@vitest/runner/dist/index.js:179:14\n    at file:///Users/sagasu/Desktop/Unit-Converter-2/node_modules/@vitest/runner/dist/index.js:566:28\n    at file:///Users/sagasu/Desktop/Unit-Converter-2/node_modules/@vitest/runner/dist/index.js:57:24\n    at new Promise (<anonymous>)\n    at runWithTimeout (file:///Users/sagasu/Desktop/Unit-Converter-2/node_modules/@vitest/runner/dist/index.js:41:12)\n    at runTest (file:///Users/sagasu/Desktop/Unit-Converter-2/node_modules/@vitest/runner/dist/index.js:1145:17)\n    at processTicksAndRejections (node:internal/process/task_queues:95:5)"],"meta":{}},{"ancestorTitles":["翻译文件完整性测试","单位类型完整性测试","speed 单位测试"],"fullName":"翻译文件完整性测试 单位类型完整性测试 speed 单位测试 每种语言都应该有完整的单位定义","status":"failed","title":"每种语言都应该有完整的单位定义","duration":0.41758298873901367,"failureMessages":["AssertionError: expected [ 'foot_per_second', …(7) ] to deeply equal [ 'foot_per_second', …(4) ]\n    at /Users/sagasu/Desktop/Unit-Converter-2/src/lib/i18n/__tests__/translations.test.ts:35:40\n    at Array.forEach (<anonymous>)\n    at /Users/sagasu/Desktop/Unit-Converter-2/src/lib/i18n/__tests__/translations.test.ts:32:19\n    at file:///Users/sagasu/Desktop/Unit-Converter-2/node_modules/@vitest/runner/dist/index.js:179:14\n    at file:///Users/sagasu/Desktop/Unit-Converter-2/node_modules/@vitest/runner/dist/index.js:566:28\n    at file:///Users/sagasu/Desktop/Unit-Converter-2/node_modules/@vitest/runner/dist/index.js:57:24\n    at new Promise (<anonymous>)\n    at runWithTimeout (file:///Users/sagasu/Desktop/Unit-Converter-2/node_modules/@vitest/runner/dist/index.js:41:12)\n    at runTest (file:///Users/sagasu/Desktop/Unit-Converter-2/node_modules/@vitest/runner/dist/index.js:1145:17)\n    at processTicksAndRejections (node:internal/process/task_queues:95:5)"],"meta":{}},{"ancestorTitles":["翻译文件完整性测试","单位类型完整性测试","speed 单位测试"],"fullName":"翻译文件完整性测试 单位类型完整性测试 speed 单位测试 每种语言都应该有必要的字段","status":"failed","title":"每种语言都应该有必要的字段","duration":0.16912496089935303,"failureMessages":["AssertionError: expected undefined to be defined\n    at /Users/sagasu/Desktop/Unit-Converter-2/src/lib/i18n/__tests__/translations.test.ts:45:44\n    at Array.forEach (<anonymous>)\n    at /Users/sagasu/Desktop/Unit-Converter-2/src/lib/i18n/__tests__/translations.test.ts:40:19\n    at file:///Users/sagasu/Desktop/Unit-Converter-2/node_modules/@vitest/runner/dist/index.js:179:14\n    at file:///Users/sagasu/Desktop/Unit-Converter-2/node_modules/@vitest/runner/dist/index.js:566:28\n    at file:///Users/sagasu/Desktop/Unit-Converter-2/node_modules/@vitest/runner/dist/index.js:57:24\n    at new Promise (<anonymous>)\n    at runWithTimeout (file:///Users/sagasu/Desktop/Unit-Converter-2/node_modules/@vitest/runner/dist/index.js:41:12)\n    at runTest (file:///Users/sagasu/Desktop/Unit-Converter-2/node_modules/@vitest/runner/dist/index.js:1145:17)\n    at processTicksAndRejections (node:internal/process/task_queues:95:5)"],"meta":{}},{"ancestorTitles":["翻译文件完整性测试","单位类型完整性测试","angle 单位测试"],"fullName":"翻译文件完整性测试 单位类型完整性测试 angle 单位测试 每种语言都应该有完整的单位定义","status":"failed","title":"每种语言都应该有完整的单位定义","duration":0.36741697788238525,"failureMessages":["AssertionError: expected [ 'arcminute', 'arcsecond', …(3) ] to deeply equal [ 'degree', 'gradian', …(3) ]\n    at /Users/sagasu/Desktop/Unit-Converter-2/src/lib/i18n/__tests__/translations.test.ts:35:40\n    at Array.forEach (<anonymous>)\n    at /Users/sagasu/Desktop/Unit-Converter-2/src/lib/i18n/__tests__/translations.test.ts:32:19\n    at file:///Users/sagasu/Desktop/Unit-Converter-2/node_modules/@vitest/runner/dist/index.js:179:14\n    at file:///Users/sagasu/Desktop/Unit-Converter-2/node_modules/@vitest/runner/dist/index.js:566:28\n    at file:///Users/sagasu/Desktop/Unit-Converter-2/node_modules/@vitest/runner/dist/index.js:57:24\n    at new Promise (<anonymous>)\n    at runWithTimeout (file:///Users/sagasu/Desktop/Unit-Converter-2/node_modules/@vitest/runner/dist/index.js:41:12)\n    at runTest (file:///Users/sagasu/Desktop/Unit-Converter-2/node_modules/@vitest/runner/dist/index.js:1145:17)\n    at processTicksAndRejections (node:internal/process/task_queues:95:5)"],"meta":{}},{"ancestorTitles":["翻译文件完整性测试","单位类型完整性测试","angle 单位测试"],"fullName":"翻译文件完整性测试 单位类型完整性测试 angle 单位测试 每种语言都应该有必要的字段","status":"failed","title":"每种语言都应该有必要的字段","duration":0.16750001907348633,"failureMessages":["AssertionError: expected undefined to be defined\n    at /Users/sagasu/Desktop/Unit-Converter-2/src/lib/i18n/__tests__/translations.test.ts:45:44\n    at Array.forEach (<anonymous>)\n    at /Users/sagasu/Desktop/Unit-Converter-2/src/lib/i18n/__tests__/translations.test.ts:40:19\n    at file:///Users/sagasu/Desktop/Unit-Converter-2/node_modules/@vitest/runner/dist/index.js:179:14\n    at file:///Users/sagasu/Desktop/Unit-Converter-2/node_modules/@vitest/runner/dist/index.js:566:28\n    at file:///Users/sagasu/Desktop/Unit-Converter-2/node_modules/@vitest/runner/dist/index.js:57:24\n    at new Promise (<anonymous>)\n    at runWithTimeout (file:///Users/sagasu/Desktop/Unit-Converter-2/node_modules/@vitest/runner/dist/index.js:41:12)\n    at runTest (file:///Users/sagasu/Desktop/Unit-Converter-2/node_modules/@vitest/runner/dist/index.js:1145:17)\n    at processTicksAndRejections (node:internal/process/task_queues:95:5)"],"meta":{}},{"ancestorTitles":["翻译文件完整性测试","单位类型完整性测试","pressure 单位测试"],"fullName":"翻译文件完整性测试 单位类型完整性测试 pressure 单位测试 每种语言都应该有完整的单位定义","status":"failed","title":"每种语言都应该有完整的单位定义","duration":0.2526249885559082,"failureMessages":["AssertionError: expected [ 'atmosphere', 'bar', …(3) ] to deeply equal [ 'atmosphere', 'bar', …(5) ]\n    at /Users/sagasu/Desktop/Unit-Converter-2/src/lib/i18n/__tests__/translations.test.ts:35:40\n    at Array.forEach (<anonymous>)\n    at /Users/sagasu/Desktop/Unit-Converter-2/src/lib/i18n/__tests__/translations.test.ts:32:19\n    at file:///Users/sagasu/Desktop/Unit-Converter-2/node_modules/@vitest/runner/dist/index.js:179:14\n    at file:///Users/sagasu/Desktop/Unit-Converter-2/node_modules/@vitest/runner/dist/index.js:566:28\n    at file:///Users/sagasu/Desktop/Unit-Converter-2/node_modules/@vitest/runner/dist/index.js:57:24\n    at new Promise (<anonymous>)\n    at runWithTimeout (file:///Users/sagasu/Desktop/Unit-Converter-2/node_modules/@vitest/runner/dist/index.js:41:12)\n    at runTest (file:///Users/sagasu/Desktop/Unit-Converter-2/node_modules/@vitest/runner/dist/index.js:1145:17)\n    at processTicksAndRejections (node:internal/process/task_queues:95:5)"],"meta":{}},{"ancestorTitles":["翻译文件完整性测试","单位类型完整性测试","pressure 单位测试"],"fullName":"翻译文件完整性测试 单位类型完整性测试 pressure 单位测试 每种语言都应该有必要的字段","status":"failed","title":"每种语言都应该有必要的字段","duration":0.14637494087219238,"failureMessages":["AssertionError: expected undefined to be defined\n    at /Users/sagasu/Desktop/Unit-Converter-2/src/lib/i18n/__tests__/translations.test.ts:45:44\n    at Array.forEach (<anonymous>)\n    at /Users/sagasu/Desktop/Unit-Converter-2/src/lib/i18n/__tests__/translations.test.ts:40:19\n    at file:///Users/sagasu/Desktop/Unit-Converter-2/node_modules/@vitest/runner/dist/index.js:179:14\n    at file:///Users/sagasu/Desktop/Unit-Converter-2/node_modules/@vitest/runner/dist/index.js:566:28\n    at file:///Users/sagasu/Desktop/Unit-Converter-2/node_modules/@vitest/runner/dist/index.js:57:24\n    at new Promise (<anonymous>)\n    at runWithTimeout (file:///Users/sagasu/Desktop/Unit-Converter-2/node_modules/@vitest/runner/dist/index.js:41:12)\n    at runTest (file:///Users/sagasu/Desktop/Unit-Converter-2/node_modules/@vitest/runner/dist/index.js:1145:17)\n    at processTicksAndRejections (node:internal/process/task_queues:95:5)"],"meta":{}},{"ancestorTitles":["翻译文件完整性测试","单位类型完整性测试","power 单位测试"],"fullName":"翻译文件完整性测试 单位类型完整性测试 power 单位测试 每种语言都应该有完整的单位定义","status":"failed","title":"每种语言都应该有完整的单位定义","duration":0.3260000944137573,"failureMessages":["AssertionError: expected [ 'horsepower', 'kilowatt', 'watt' ] to deeply equal [ 'btu_per_hour', 'horsepower', …(3) ]\n    at /Users/sagasu/Desktop/Unit-Converter-2/src/lib/i18n/__tests__/translations.test.ts:35:40\n    at Array.forEach (<anonymous>)\n    at /Users/sagasu/Desktop/Unit-Converter-2/src/lib/i18n/__tests__/translations.test.ts:32:19\n    at file:///Users/sagasu/Desktop/Unit-Converter-2/node_modules/@vitest/runner/dist/index.js:179:14\n    at file:///Users/sagasu/Desktop/Unit-Converter-2/node_modules/@vitest/runner/dist/index.js:566:28\n    at file:///Users/sagasu/Desktop/Unit-Converter-2/node_modules/@vitest/runner/dist/index.js:57:24\n    at new Promise (<anonymous>)\n    at runWithTimeout (file:///Users/sagasu/Desktop/Unit-Converter-2/node_modules/@vitest/runner/dist/index.js:41:12)\n    at runTest (file:///Users/sagasu/Desktop/Unit-Converter-2/node_modules/@vitest/runner/dist/index.js:1145:17)\n    at processTicksAndRejections (node:internal/process/task_queues:95:5)"],"meta":{}},{"ancestorTitles":["翻译文件完整性测试","单位类型完整性测试","power 单位测试"],"fullName":"翻译文件完整性测试 单位类型完整性测试 power 单位测试 每种语言都应该有必要的字段","status":"failed","title":"每种语言都应该有必要的字段","duration":0.23133301734924316,"failureMessages":["AssertionError: expected undefined to be defined\n    at /Users/sagasu/Desktop/Unit-Converter-2/src/lib/i18n/__tests__/translations.test.ts:45:44\n    at Array.forEach (<anonymous>)\n    at /Users/sagasu/Desktop/Unit-Converter-2/src/lib/i18n/__tests__/translations.test.ts:40:19\n    at file:///Users/sagasu/Desktop/Unit-Converter-2/node_modules/@vitest/runner/dist/index.js:179:14\n    at file:///Users/sagasu/Desktop/Unit-Converter-2/node_modules/@vitest/runner/dist/index.js:566:28\n    at file:///Users/sagasu/Desktop/Unit-Converter-2/node_modules/@vitest/runner/dist/index.js:57:24\n    at new Promise (<anonymous>)\n    at runWithTimeout (file:///Users/sagasu/Desktop/Unit-Converter-2/node_modules/@vitest/runner/dist/index.js:41:12)\n    at runTest (file:///Users/sagasu/Desktop/Unit-Converter-2/node_modules/@vitest/runner/dist/index.js:1145:17)\n    at processTicksAndRejections (node:internal/process/task_queues:95:5)"],"meta":{}},{"ancestorTitles":["翻译文件完整性测试","单位类型完整性测试","energy 单位测试"],"fullName":"翻译文件完整性测试 单位类型完整性测试 energy 单位测试 每种语言都应该有完整的单位定义","status":"failed","title":"每种语言都应该有完整的单位定义","duration":0.2956249713897705,"failureMessages":["AssertionError: expected [ 'calorie', 'joule', …(4) ] to deeply equal [ 'british_thermal_unit', …(8) ]\n    at /Users/sagasu/Desktop/Unit-Converter-2/src/lib/i18n/__tests__/translations.test.ts:35:40\n    at Array.forEach (<anonymous>)\n    at /Users/sagasu/Desktop/Unit-Converter-2/src/lib/i18n/__tests__/translations.test.ts:32:19\n    at file:///Users/sagasu/Desktop/Unit-Converter-2/node_modules/@vitest/runner/dist/index.js:179:14\n    at file:///Users/sagasu/Desktop/Unit-Converter-2/node_modules/@vitest/runner/dist/index.js:566:28\n    at file:///Users/sagasu/Desktop/Unit-Converter-2/node_modules/@vitest/runner/dist/index.js:57:24\n    at new Promise (<anonymous>)\n    at runWithTimeout (file:///Users/sagasu/Desktop/Unit-Converter-2/node_modules/@vitest/runner/dist/index.js:41:12)\n    at runTest (file:///Users/sagasu/Desktop/Unit-Converter-2/node_modules/@vitest/runner/dist/index.js:1145:17)\n    at processTicksAndRejections (node:internal/process/task_queues:95:5)"],"meta":{}},{"ancestorTitles":["翻译文件完整性测试","单位类型完整性测试","energy 单位测试"],"fullName":"翻译文件完整性测试 单位类型完整性测试 energy 单位测试 每种语言都应该有必要的字段","status":"failed","title":"每种语言都应该有必要的字段","duration":0.1600409746170044,"failureMessages":["AssertionError: expected undefined to be defined\n    at /Users/sagasu/Desktop/Unit-Converter-2/src/lib/i18n/__tests__/translations.test.ts:45:44\n    at Array.forEach (<anonymous>)\n    at /Users/sagasu/Desktop/Unit-Converter-2/src/lib/i18n/__tests__/translations.test.ts:40:19\n    at file:///Users/sagasu/Desktop/Unit-Converter-2/node_modules/@vitest/runner/dist/index.js:179:14\n    at file:///Users/sagasu/Desktop/Unit-Converter-2/node_modules/@vitest/runner/dist/index.js:566:28\n    at file:///Users/sagasu/Desktop/Unit-Converter-2/node_modules/@vitest/runner/dist/index.js:57:24\n    at new Promise (<anonymous>)\n    at runWithTimeout (file:///Users/sagasu/Desktop/Unit-Converter-2/node_modules/@vitest/runner/dist/index.js:41:12)\n    at runTest (file:///Users/sagasu/Desktop/Unit-Converter-2/node_modules/@vitest/runner/dist/index.js:1145:17)\n    at processTicksAndRejections (node:internal/process/task_queues:95:5)"],"meta":{}},{"ancestorTitles":["翻译文件完整性测试","单位类型完整性测试","force 单位测试"],"fullName":"翻译文件完整性测试 单位类型完整性测试 force 单位测试 每种语言都应该有完整的单位定义","status":"failed","title":"每种语言都应该有完整的单位定义","duration":0.28379201889038086,"failureMessages":["AssertionError: expected [ Array(4) ] to deeply equal [ 'dyne', 'kilonewton', 'kip', …(2) ]\n    at /Users/sagasu/Desktop/Unit-Converter-2/src/lib/i18n/__tests__/translations.test.ts:35:40\n    at Array.forEach (<anonymous>)\n    at /Users/sagasu/Desktop/Unit-Converter-2/src/lib/i18n/__tests__/translations.test.ts:32:19\n    at file:///Users/sagasu/Desktop/Unit-Converter-2/node_modules/@vitest/runner/dist/index.js:179:14\n    at file:///Users/sagasu/Desktop/Unit-Converter-2/node_modules/@vitest/runner/dist/index.js:566:28\n    at file:///Users/sagasu/Desktop/Unit-Converter-2/node_modules/@vitest/runner/dist/index.js:57:24\n    at new Promise (<anonymous>)\n    at runWithTimeout (file:///Users/sagasu/Desktop/Unit-Converter-2/node_modules/@vitest/runner/dist/index.js:41:12)\n    at runTest (file:///Users/sagasu/Desktop/Unit-Converter-2/node_modules/@vitest/runner/dist/index.js:1145:17)\n    at processTicksAndRejections (node:internal/process/task_queues:95:5)"],"meta":{}},{"ancestorTitles":["翻译文件完整性测试","单位类型完整性测试","force 单位测试"],"fullName":"翻译文件完整性测试 单位类型完整性测试 force 单位测试 每种语言都应该有必要的字段","status":"failed","title":"每种语言都应该有必要的字段","duration":0.15570807456970215,"failureMessages":["AssertionError: expected undefined to be defined\n    at /Users/sagasu/Desktop/Unit-Converter-2/src/lib/i18n/__tests__/translations.test.ts:45:44\n    at Array.forEach (<anonymous>)\n    at /Users/sagasu/Desktop/Unit-Converter-2/src/lib/i18n/__tests__/translations.test.ts:40:19\n    at file:///Users/sagasu/Desktop/Unit-Converter-2/node_modules/@vitest/runner/dist/index.js:179:14\n    at file:///Users/sagasu/Desktop/Unit-Converter-2/node_modules/@vitest/runner/dist/index.js:566:28\n    at file:///Users/sagasu/Desktop/Unit-Converter-2/node_modules/@vitest/runner/dist/index.js:57:24\n    at new Promise (<anonymous>)\n    at runWithTimeout (file:///Users/sagasu/Desktop/Unit-Converter-2/node_modules/@vitest/runner/dist/index.js:41:12)\n    at runTest (file:///Users/sagasu/Desktop/Unit-Converter-2/node_modules/@vitest/runner/dist/index.js:1145:17)\n    at processTicksAndRejections (node:internal/process/task_queues:95:5)"],"meta":{}},{"ancestorTitles":["翻译文件完整性测试","单位类型完整性测试","density 单位测试"],"fullName":"翻译文件完整性测试 单位类型完整性测试 density 单位测试 每种语言都应该有完整的单位定义","status":"failed","title":"每种语言都应该有完整的单位定义","duration":0.4009580612182617,"failureMessages":["AssertionError: expected [ 'gram_per_cubic_centimeter', …(7) ] to deeply equal [ 'gram_per_cubic_centimeter', …(2) ]\n    at /Users/sagasu/Desktop/Unit-Converter-2/src/lib/i18n/__tests__/translations.test.ts:35:40\n    at Array.forEach (<anonymous>)\n    at /Users/sagasu/Desktop/Unit-Converter-2/src/lib/i18n/__tests__/translations.test.ts:32:19\n    at file:///Users/sagasu/Desktop/Unit-Converter-2/node_modules/@vitest/runner/dist/index.js:179:14\n    at file:///Users/sagasu/Desktop/Unit-Converter-2/node_modules/@vitest/runner/dist/index.js:566:28\n    at file:///Users/sagasu/Desktop/Unit-Converter-2/node_modules/@vitest/runner/dist/index.js:57:24\n    at new Promise (<anonymous>)\n    at runWithTimeout (file:///Users/sagasu/Desktop/Unit-Converter-2/node_modules/@vitest/runner/dist/index.js:41:12)\n    at runTest (file:///Users/sagasu/Desktop/Unit-Converter-2/node_modules/@vitest/runner/dist/index.js:1145:17)\n    at processTicksAndRejections (node:internal/process/task_queues:95:5)"],"meta":{}},{"ancestorTitles":["翻译文件完整性测试","单位类型完整性测试","density 单位测试"],"fullName":"翻译文件完整性测试 单位类型完整性测试 density 单位测试 每种语言都应该有必要的字段","status":"failed","title":"每种语言都应该有必要的字段","duration":0.4002499580383301,"failureMessages":["AssertionError: expected false to be truthy\n    at /Users/sagasu/Desktop/Unit-Converter-2/src/lib/i18n/__tests__/translations.test.ts:46:59\n    at Array.forEach (<anonymous>)\n    at /Users/sagasu/Desktop/Unit-Converter-2/src/lib/i18n/__tests__/translations.test.ts:40:19\n    at file:///Users/sagasu/Desktop/Unit-Converter-2/node_modules/@vitest/runner/dist/index.js:179:14\n    at file:///Users/sagasu/Desktop/Unit-Converter-2/node_modules/@vitest/runner/dist/index.js:566:28\n    at file:///Users/sagasu/Desktop/Unit-Converter-2/node_modules/@vitest/runner/dist/index.js:57:24\n    at new Promise (<anonymous>)\n    at runWithTimeout (file:///Users/sagasu/Desktop/Unit-Converter-2/node_modules/@vitest/runner/dist/index.js:41:12)\n    at runTest (file:///Users/sagasu/Desktop/Unit-Converter-2/node_modules/@vitest/runner/dist/index.js:1145:17)\n    at processTicksAndRejections (node:internal/process/task_queues:95:5)"],"meta":{}},{"ancestorTitles":["翻译文件完整性测试","单位类型完整性测试","flow 单位测试"],"fullName":"翻译文件完整性测试 单位类型完整性测试 flow 单位测试 每种语言都应该有完整的单位定义","status":"failed","title":"每种语言都应该有完整的单位定义","duration":0.44366705417633057,"failureMessages":["AssertionError: expected [ 'cubic_meter_per_second', …(2) ] to deeply equal [ 'cubic_meter_per_second', …(2) ]\n    at /Users/sagasu/Desktop/Unit-Converter-2/src/lib/i18n/__tests__/translations.test.ts:35:40\n    at Array.forEach (<anonymous>)\n    at /Users/sagasu/Desktop/Unit-Converter-2/src/lib/i18n/__tests__/translations.test.ts:32:19\n    at file:///Users/sagasu/Desktop/Unit-Converter-2/node_modules/@vitest/runner/dist/index.js:179:14\n    at file:///Users/sagasu/Desktop/Unit-Converter-2/node_modules/@vitest/runner/dist/index.js:566:28\n    at file:///Users/sagasu/Desktop/Unit-Converter-2/node_modules/@vitest/runner/dist/index.js:57:24\n    at new Promise (<anonymous>)\n    at runWithTimeout (file:///Users/sagasu/Desktop/Unit-Converter-2/node_modules/@vitest/runner/dist/index.js:41:12)\n    at runTest (file:///Users/sagasu/Desktop/Unit-Converter-2/node_modules/@vitest/runner/dist/index.js:1145:17)\n    at processTicksAndRejections (node:internal/process/task_queues:95:5)"],"meta":{}},{"ancestorTitles":["翻译文件完整性测试","单位类型完整性测试","flow 单位测试"],"fullName":"翻译文件完整性测试 单位类型完整性测试 flow 单位测试 每种语言都应该有必要的字段","status":"failed","title":"每种语言都应该有必要的字段","duration":0.19733405113220215,"failureMessages":["AssertionError: expected undefined to be defined\n    at /Users/sagasu/Desktop/Unit-Converter-2/src/lib/i18n/__tests__/translations.test.ts:45:44\n    at Array.forEach (<anonymous>)\n    at /Users/sagasu/Desktop/Unit-Converter-2/src/lib/i18n/__tests__/translations.test.ts:40:19\n    at file:///Users/sagasu/Desktop/Unit-Converter-2/node_modules/@vitest/runner/dist/index.js:179:14\n    at file:///Users/sagasu/Desktop/Unit-Converter-2/node_modules/@vitest/runner/dist/index.js:566:28\n    at file:///Users/sagasu/Desktop/Unit-Converter-2/node_modules/@vitest/runner/dist/index.js:57:24\n    at new Promise (<anonymous>)\n    at runWithTimeout (file:///Users/sagasu/Desktop/Unit-Converter-2/node_modules/@vitest/runner/dist/index.js:41:12)\n    at runTest (file:///Users/sagasu/Desktop/Unit-Converter-2/node_modules/@vitest/runner/dist/index.js:1145:17)\n    at processTicksAndRejections (node:internal/process/task_queues:95:5)"],"meta":{}},{"ancestorTitles":["翻译文件完整性测试","单位类型完整性测试","torque 单位测试"],"fullName":"翻译文件完整性测试 单位类型完整性测试 torque 单位测试 每种语言都应该有完整的单位定义","status":"failed","title":"每种语言都应该有完整的单位定义","duration":0.23833298683166504,"failureMessages":["AssertionError: expected [ 'kilogram_force_meter', …(2) ] to deeply equal [ 'kilogram_meter', …(2) ]\n    at /Users/sagasu/Desktop/Unit-Converter-2/src/lib/i18n/__tests__/translations.test.ts:35:40\n    at Array.forEach (<anonymous>)\n    at /Users/sagasu/Desktop/Unit-Converter-2/src/lib/i18n/__tests__/translations.test.ts:32:19\n    at file:///Users/sagasu/Desktop/Unit-Converter-2/node_modules/@vitest/runner/dist/index.js:179:14\n    at file:///Users/sagasu/Desktop/Unit-Converter-2/node_modules/@vitest/runner/dist/index.js:566:28\n    at file:///Users/sagasu/Desktop/Unit-Converter-2/node_modules/@vitest/runner/dist/index.js:57:24\n    at new Promise (<anonymous>)\n    at runWithTimeout (file:///Users/sagasu/Desktop/Unit-Converter-2/node_modules/@vitest/runner/dist/index.js:41:12)\n    at runTest (file:///Users/sagasu/Desktop/Unit-Converter-2/node_modules/@vitest/runner/dist/index.js:1145:17)\n    at processTicksAndRejections (node:internal/process/task_queues:95:5)"],"meta":{}},{"ancestorTitles":["翻译文件完整性测试","单位类型完整性测试","torque 单位测试"],"fullName":"翻译文件完整性测试 单位类型完整性测试 torque 单位测试 每种语言都应该有必要的字段","status":"failed","title":"每种语言都应该有必要的字段","duration":0.15387511253356934,"failureMessages":["AssertionError: expected undefined to be defined\n    at /Users/sagasu/Desktop/Unit-Converter-2/src/lib/i18n/__tests__/translations.test.ts:45:44\n    at Array.forEach (<anonymous>)\n    at /Users/sagasu/Desktop/Unit-Converter-2/src/lib/i18n/__tests__/translations.test.ts:40:19\n    at file:///Users/sagasu/Desktop/Unit-Converter-2/node_modules/@vitest/runner/dist/index.js:179:14\n    at file:///Users/sagasu/Desktop/Unit-Converter-2/node_modules/@vitest/runner/dist/index.js:566:28\n    at file:///Users/sagasu/Desktop/Unit-Converter-2/node_modules/@vitest/runner/dist/index.js:57:24\n    at new Promise (<anonymous>)\n    at runWithTimeout (file:///Users/sagasu/Desktop/Unit-Converter-2/node_modules/@vitest/runner/dist/index.js:41:12)\n    at runTest (file:///Users/sagasu/Desktop/Unit-Converter-2/node_modules/@vitest/runner/dist/index.js:1145:17)\n    at processTicksAndRejections (node:internal/process/task_queues:95:5)"],"meta":{}},{"ancestorTitles":["翻译文件完整性测试","单位类型完整性测试","data 单位测试"],"fullName":"翻译文件完整性测试 单位类型完整性测试 data 单位测试 每种语言都应该有完整的单位定义","status":"failed","title":"每种语言都应该有完整的单位定义","duration":0.4028329849243164,"failureMessages":["AssertionError: expected [ 'bit', 'byte', 'gibibit', …(19) ] to deeply equal [ 'bit', 'byte', 'gigabyte', …(3) ]\n    at /Users/sagasu/Desktop/Unit-Converter-2/src/lib/i18n/__tests__/translations.test.ts:35:40\n    at Array.forEach (<anonymous>)\n    at /Users/sagasu/Desktop/Unit-Converter-2/src/lib/i18n/__tests__/translations.test.ts:32:19\n    at file:///Users/sagasu/Desktop/Unit-Converter-2/node_modules/@vitest/runner/dist/index.js:179:14\n    at file:///Users/sagasu/Desktop/Unit-Converter-2/node_modules/@vitest/runner/dist/index.js:566:28\n    at file:///Users/sagasu/Desktop/Unit-Converter-2/node_modules/@vitest/runner/dist/index.js:57:24\n    at new Promise (<anonymous>)\n    at runWithTimeout (file:///Users/sagasu/Desktop/Unit-Converter-2/node_modules/@vitest/runner/dist/index.js:41:12)\n    at runTest (file:///Users/sagasu/Desktop/Unit-Converter-2/node_modules/@vitest/runner/dist/index.js:1145:17)\n    at processTicksAndRejections (node:internal/process/task_queues:95:5)"],"meta":{}},{"ancestorTitles":["翻译文件完整性测试","单位类型完整性测试","data 单位测试"],"fullName":"翻译文件完整性测试 单位类型完整性测试 data 单位测试 每种语言都应该有必要的字段","status":"failed","title":"每种语言都应该有必要的字段","duration":0.15266597270965576,"failureMessages":["AssertionError: expected undefined to be defined\n    at /Users/sagasu/Desktop/Unit-Converter-2/src/lib/i18n/__tests__/translations.test.ts:45:44\n    at Array.forEach (<anonymous>)\n    at /Users/sagasu/Desktop/Unit-Converter-2/src/lib/i18n/__tests__/translations.test.ts:40:19\n    at file:///Users/sagasu/Desktop/Unit-Converter-2/node_modules/@vitest/runner/dist/index.js:179:14\n    at file:///Users/sagasu/Desktop/Unit-Converter-2/node_modules/@vitest/runner/dist/index.js:566:28\n    at file:///Users/sagasu/Desktop/Unit-Converter-2/node_modules/@vitest/runner/dist/index.js:57:24\n    at new Promise (<anonymous>)\n    at runWithTimeout (file:///Users/sagasu/Desktop/Unit-Converter-2/node_modules/@vitest/runner/dist/index.js:41:12)\n    at runTest (file:///Users/sagasu/Desktop/Unit-Converter-2/node_modules/@vitest/runner/dist/index.js:1145:17)\n    at processTicksAndRejections (node:internal/process/task_queues:95:5)"],"meta":{}},{"ancestorTitles":["翻译文件完整性测试","单位类型完整性测试","data_rate 单位测试"],"fullName":"翻译文件完整性测试 单位类型完整性测试 data_rate 单位测试 每种语言都应该有完整的单位定义","status":"failed","title":"每种语言都应该有完整的单位定义","duration":0.2814580202102661,"failureMessages":["AssertionError: expected [ 'bits_per_second', …(17) ] to deeply equal [ 'bit_per_second', …(3) ]\n    at /Users/sagasu/Desktop/Unit-Converter-2/src/lib/i18n/__tests__/translations.test.ts:35:40\n    at Array.forEach (<anonymous>)\n    at /Users/sagasu/Desktop/Unit-Converter-2/src/lib/i18n/__tests__/translations.test.ts:32:19\n    at file:///Users/sagasu/Desktop/Unit-Converter-2/node_modules/@vitest/runner/dist/index.js:179:14\n    at file:///Users/sagasu/Desktop/Unit-Converter-2/node_modules/@vitest/runner/dist/index.js:566:28\n    at file:///Users/sagasu/Desktop/Unit-Converter-2/node_modules/@vitest/runner/dist/index.js:57:24\n    at new Promise (<anonymous>)\n    at runWithTimeout (file:///Users/sagasu/Desktop/Unit-Converter-2/node_modules/@vitest/runner/dist/index.js:41:12)\n    at runTest (file:///Users/sagasu/Desktop/Unit-Converter-2/node_modules/@vitest/runner/dist/index.js:1145:17)\n    at processTicksAndRejections (node:internal/process/task_queues:95:5)"],"meta":{}},{"ancestorTitles":["翻译文件完整性测试","单位类型完整性测试","data_rate 单位测试"],"fullName":"翻译文件完整性测试 单位类型完整性测试 data_rate 单位测试 每种语言都应该有必要的字段","status":"failed","title":"每种语言都应该有必要的字段","duration":0.14524996280670166,"failureMessages":["AssertionError: expected undefined to be defined\n    at /Users/sagasu/Desktop/Unit-Converter-2/src/lib/i18n/__tests__/translations.test.ts:45:44\n    at Array.forEach (<anonymous>)\n    at /Users/sagasu/Desktop/Unit-Converter-2/src/lib/i18n/__tests__/translations.test.ts:40:19\n    at file:///Users/sagasu/Desktop/Unit-Converter-2/node_modules/@vitest/runner/dist/index.js:179:14\n    at file:///Users/sagasu/Desktop/Unit-Converter-2/node_modules/@vitest/runner/dist/index.js:566:28\n    at file:///Users/sagasu/Desktop/Unit-Converter-2/node_modules/@vitest/runner/dist/index.js:57:24\n    at new Promise (<anonymous>)\n    at runWithTimeout (file:///Users/sagasu/Desktop/Unit-Converter-2/node_modules/@vitest/runner/dist/index.js:41:12)\n    at runTest (file:///Users/sagasu/Desktop/Unit-Converter-2/node_modules/@vitest/runner/dist/index.js:1145:17)\n    at processTicksAndRejections (node:internal/process/task_queues:95:5)"],"meta":{}},{"ancestorTitles":["翻译文件完整性测试","单位类型完整性测试","currency 单位测试"],"fullName":"翻译文件完整性测试 单位类型完整性测试 currency 单位测试 每种语言都应该有完整的单位定义","status":"failed","title":"每种语言都应该有完整的单位定义","duration":0.22374999523162842,"failureMessages":["AssertionError: expected [ 'cny', 'eur', 'gbp', 'inr', …(3) ] to deeply equal [ 'cny', 'eur', 'gbp', 'jpy', 'usd' ]\n    at /Users/sagasu/Desktop/Unit-Converter-2/src/lib/i18n/__tests__/translations.test.ts:35:40\n    at Array.forEach (<anonymous>)\n    at /Users/sagasu/Desktop/Unit-Converter-2/src/lib/i18n/__tests__/translations.test.ts:32:19\n    at file:///Users/sagasu/Desktop/Unit-Converter-2/node_modules/@vitest/runner/dist/index.js:179:14\n    at file:///Users/sagasu/Desktop/Unit-Converter-2/node_modules/@vitest/runner/dist/index.js:566:28\n    at file:///Users/sagasu/Desktop/Unit-Converter-2/node_modules/@vitest/runner/dist/index.js:57:24\n    at new Promise (<anonymous>)\n    at runWithTimeout (file:///Users/sagasu/Desktop/Unit-Converter-2/node_modules/@vitest/runner/dist/index.js:41:12)\n    at runTest (file:///Users/sagasu/Desktop/Unit-Converter-2/node_modules/@vitest/runner/dist/index.js:1145:17)\n    at processTicksAndRejections (node:internal/process/task_queues:95:5)"],"meta":{}},{"ancestorTitles":["翻译文件完整性测试","单位类型完整性测试","currency 单位测试"],"fullName":"翻译文件完整性测试 单位类型完整性测试 currency 单位测试 每种语言都应该有必要的字段","status":"failed","title":"每种语言都应该有必要的字段","duration":0.13716602325439453,"failureMessages":["AssertionError: expected undefined to be defined\n    at /Users/sagasu/Desktop/Unit-Converter-2/src/lib/i18n/__tests__/translations.test.ts:45:44\n    at Array.forEach (<anonymous>)\n    at /Users/sagasu/Desktop/Unit-Converter-2/src/lib/i18n/__tests__/translations.test.ts:40:19\n    at file:///Users/sagasu/Desktop/Unit-Converter-2/node_modules/@vitest/runner/dist/index.js:179:14\n    at file:///Users/sagasu/Desktop/Unit-Converter-2/node_modules/@vitest/runner/dist/index.js:566:28\n    at file:///Users/sagasu/Desktop/Unit-Converter-2/node_modules/@vitest/runner/dist/index.js:57:24\n    at new Promise (<anonymous>)\n    at runWithTimeout (file:///Users/sagasu/Desktop/Unit-Converter-2/node_modules/@vitest/runner/dist/index.js:41:12)\n    at runTest (file:///Users/sagasu/Desktop/Unit-Converter-2/node_modules/@vitest/runner/dist/index.js:1145:17)\n    at processTicksAndRejections (node:internal/process/task_queues:95:5)"],"meta":{}},{"ancestorTitles":["翻译文件完整性测试","单位类型完整性测试","cooking 单位测试"],"fullName":"翻译文件完整性测试 单位类型完整性测试 cooking 单位测试 每种语言都应该有完整的单位定义","status":"failed","title":"每种语言都应该有完整的单位定义","duration":0.25229203701019287,"failureMessages":["AssertionError: expected [ 'imperial_cup', …(7) ] to deeply equal [ 'cup', 'gallon', 'pint', …(3) ]\n    at /Users/sagasu/Desktop/Unit-Converter-2/src/lib/i18n/__tests__/translations.test.ts:35:40\n    at Array.forEach (<anonymous>)\n    at /Users/sagasu/Desktop/Unit-Converter-2/src/lib/i18n/__tests__/translations.test.ts:32:19\n    at file:///Users/sagasu/Desktop/Unit-Converter-2/node_modules/@vitest/runner/dist/index.js:179:14\n    at file:///Users/sagasu/Desktop/Unit-Converter-2/node_modules/@vitest/runner/dist/index.js:566:28\n    at file:///Users/sagasu/Desktop/Unit-Converter-2/node_modules/@vitest/runner/dist/index.js:57:24\n    at new Promise (<anonymous>)\n    at runWithTimeout (file:///Users/sagasu/Desktop/Unit-Converter-2/node_modules/@vitest/runner/dist/index.js:41:12)\n    at runTest (file:///Users/sagasu/Desktop/Unit-Converter-2/node_modules/@vitest/runner/dist/index.js:1145:17)\n    at processTicksAndRejections (node:internal/process/task_queues:95:5)"],"meta":{}},{"ancestorTitles":["翻译文件完整性测试","单位类型完整性测试","cooking 单位测试"],"fullName":"翻译文件完整性测试 单位类型完整性测试 cooking 单位测试 每种语言都应该有必要的字段","status":"failed","title":"每种语言都应该有必要的字段","duration":0.19933390617370605,"failureMessages":["AssertionError: expected undefined to be defined\n    at /Users/sagasu/Desktop/Unit-Converter-2/src/lib/i18n/__tests__/translations.test.ts:45:44\n    at Array.forEach (<anonymous>)\n    at /Users/sagasu/Desktop/Unit-Converter-2/src/lib/i18n/__tests__/translations.test.ts:40:19\n    at file:///Users/sagasu/Desktop/Unit-Converter-2/node_modules/@vitest/runner/dist/index.js:179:14\n    at file:///Users/sagasu/Desktop/Unit-Converter-2/node_modules/@vitest/runner/dist/index.js:566:28\n    at file:///Users/sagasu/Desktop/Unit-Converter-2/node_modules/@vitest/runner/dist/index.js:57:24\n    at new Promise (<anonymous>)\n    at runWithTimeout (file:///Users/sagasu/Desktop/Unit-Converter-2/node_modules/@vitest/runner/dist/index.js:41:12)\n    at runTest (file:///Users/sagasu/Desktop/Unit-Converter-2/node_modules/@vitest/runner/dist/index.js:1145:17)\n    at processTicksAndRejections (node:internal/process/task_queues:95:5)"],"meta":{}},{"ancestorTitles":["翻译文件完整性测试","单位类型完整性测试","numeral 单位测试"],"fullName":"翻译文件完整性测试 单位类型完整性测试 numeral 单位测试 每种语言都应该有完整的单位定义","status":"failed","title":"每种语言都应该有完整的单位定义","duration":0.4081249237060547,"failureMessages":["AssertionError: expected [ Array(10) ] to deeply equal []\n    at /Users/sagasu/Desktop/Unit-Converter-2/src/lib/i18n/__tests__/translations.test.ts:35:40\n    at Array.forEach (<anonymous>)\n    at /Users/sagasu/Desktop/Unit-Converter-2/src/lib/i18n/__tests__/translations.test.ts:32:19\n    at file:///Users/sagasu/Desktop/Unit-Converter-2/node_modules/@vitest/runner/dist/index.js:179:14\n    at file:///Users/sagasu/Desktop/Unit-Converter-2/node_modules/@vitest/runner/dist/index.js:566:28\n    at file:///Users/sagasu/Desktop/Unit-Converter-2/node_modules/@vitest/runner/dist/index.js:57:24\n    at new Promise (<anonymous>)\n    at runWithTimeout (file:///Users/sagasu/Desktop/Unit-Converter-2/node_modules/@vitest/runner/dist/index.js:41:12)\n    at runTest (file:///Users/sagasu/Desktop/Unit-Converter-2/node_modules/@vitest/runner/dist/index.js:1145:17)\n    at processTicksAndRejections (node:internal/process/task_queues:95:5)"],"meta":{}},{"ancestorTitles":["翻译文件完整性测试","单位类型完整性测试","numeral 单位测试"],"fullName":"翻译文件完整性测试 单位类型完整性测试 numeral 单位测试 每种语言都应该有必要的字段","status":"failed","title":"每种语言都应该有必要的字段","duration":0.1714169979095459,"failureMessages":["AssertionError: expected undefined to be defined\n    at /Users/sagasu/Desktop/Unit-Converter-2/src/lib/i18n/__tests__/translations.test.ts:44:40\n    at Array.forEach (<anonymous>)\n    at /Users/sagasu/Desktop/Unit-Converter-2/src/lib/i18n/__tests__/translations.test.ts:40:19\n    at file:///Users/sagasu/Desktop/Unit-Converter-2/node_modules/@vitest/runner/dist/index.js:179:14\n    at file:///Users/sagasu/Desktop/Unit-Converter-2/node_modules/@vitest/runner/dist/index.js:566:28\n    at file:///Users/sagasu/Desktop/Unit-Converter-2/node_modules/@vitest/runner/dist/index.js:57:24\n    at new Promise (<anonymous>)\n    at runWithTimeout (file:///Users/sagasu/Desktop/Unit-Converter-2/node_modules/@vitest/runner/dist/index.js:41:12)\n    at runTest (file:///Users/sagasu/Desktop/Unit-Converter-2/node_modules/@vitest/runner/dist/index.js:1145:17)\n    at processTicksAndRejections (node:internal/process/task_queues:95:5)"],"meta":{}},{"ancestorTitles":["翻译文件完整性测试","单位类型完整性测试","frequency 单位测试"],"fullName":"翻译文件完整性测试 单位类型完整性测试 frequency 单位测试 每种语言都应该有完整的单位定义","status":"failed","title":"每种语言都应该有完整的单位定义","duration":0.3348749876022339,"failureMessages":["AssertionError: expected [ 'gigahertz', 'hertz', …(2) ] to deeply equal [ 'gigahertz', 'hertz', …(3) ]\n    at /Users/sagasu/Desktop/Unit-Converter-2/src/lib/i18n/__tests__/translations.test.ts:35:40\n    at Array.forEach (<anonymous>)\n    at /Users/sagasu/Desktop/Unit-Converter-2/src/lib/i18n/__tests__/translations.test.ts:32:19\n    at file:///Users/sagasu/Desktop/Unit-Converter-2/node_modules/@vitest/runner/dist/index.js:179:14\n    at file:///Users/sagasu/Desktop/Unit-Converter-2/node_modules/@vitest/runner/dist/index.js:566:28\n    at file:///Users/sagasu/Desktop/Unit-Converter-2/node_modules/@vitest/runner/dist/index.js:57:24\n    at new Promise (<anonymous>)\n    at runWithTimeout (file:///Users/sagasu/Desktop/Unit-Converter-2/node_modules/@vitest/runner/dist/index.js:41:12)\n    at runTest (file:///Users/sagasu/Desktop/Unit-Converter-2/node_modules/@vitest/runner/dist/index.js:1145:17)\n    at processTicksAndRejections (node:internal/process/task_queues:95:5)"],"meta":{}},{"ancestorTitles":["翻译文件完整性测试","单位类型完整性测试","frequency 单位测试"],"fullName":"翻译文件完整性测试 单位类型完整性测试 frequency 单位测试 每种语言都应该有必要的字段","status":"failed","title":"每种语言都应该有必要的字段","duration":0.14899992942810059,"failureMessages":["AssertionError: expected undefined to be defined\n    at /Users/sagasu/Desktop/Unit-Converter-2/src/lib/i18n/__tests__/translations.test.ts:45:44\n    at Array.forEach (<anonymous>)\n    at /Users/sagasu/Desktop/Unit-Converter-2/src/lib/i18n/__tests__/translations.test.ts:40:19\n    at file:///Users/sagasu/Desktop/Unit-Converter-2/node_modules/@vitest/runner/dist/index.js:179:14\n    at file:///Users/sagasu/Desktop/Unit-Converter-2/node_modules/@vitest/runner/dist/index.js:566:28\n    at file:///Users/sagasu/Desktop/Unit-Converter-2/node_modules/@vitest/runner/dist/index.js:57:24\n    at new Promise (<anonymous>)\n    at runWithTimeout (file:///Users/sagasu/Desktop/Unit-Converter-2/node_modules/@vitest/runner/dist/index.js:41:12)\n    at runTest (file:///Users/sagasu/Desktop/Unit-Converter-2/node_modules/@vitest/runner/dist/index.js:1145:17)\n    at processTicksAndRejections (node:internal/process/task_queues:95:5)"],"meta":{}},{"ancestorTitles":["翻译文件完整性测试","界面文本完整性测试"],"fullName":"翻译文件完整性测试 界面文本完整性测试 common 字段应该完整","status":"passed","title":"common 字段应该完整","duration":0.5283340215682983,"failureMessages":[],"meta":{}}],"startTime":1737625571076,"endTime":1737625571098.5283,"status":"failed","message":"","name":"/Users/sagasu/Desktop/Unit-Converter-2/src/lib/i18n/__tests__/translations.test.ts"}]}